<?xml version="1.0" encoding="UTF-8"?>
<testsuite xmlns:xsi="http://www.w3.org/2001/XMLSchema-instance" xsi:noNamespaceSchemaLocation="https://maven.apache.org/surefire/maven-surefire-plugin/xsd/surefire-test-report-3.0.xsd" version="3.0" name="src.test.java.CounterTest" time="0.028" tests="3" errors="0" skipped="0" failures="0">
  <properties>
    <property name="java.specification.version" value="17"/>
    <property name="sun.cpu.isalist" value="amd64"/>
    <property name="sun.jnu.encoding" value="Cp1252"/>
    <property name="java.class.path" value="D:\Telkom Univ\Tingkat 3 (Sem 5-6)\Semester 6\Management Konfig &amp; Evolusi PL\Tugas\Week 13 (2)\continuous_deployment-main\target\test-classes;D:\Telkom Univ\Tingkat 3 (Sem 5-6)\Semester 6\Management Konfig &amp; Evolusi PL\Tugas\Week 13 (2)\continuous_deployment-main\target\classes;C:\Users\zhafr\.m2\repository\junit\junit\4.11\junit-4.11.jar;C:\Users\zhafr\.m2\repository\org\hamcrest\hamcrest-core\1.3\hamcrest-core-1.3.jar;"/>
    <property name="java.vm.vendor" value="Oracle Corporation"/>
    <property name="sun.arch.data.model" value="64"/>
    <property name="user.variant" value=""/>
    <property name="java.vendor.url" value="https://java.oracle.com/"/>
    <property name="user.timezone" value="Asia/Jakarta"/>
    <property name="os.name" value="Windows 11"/>
    <property name="java.vm.specification.version" value="17"/>
    <property name="sun.java.launcher" value="SUN_STANDARD"/>
    <property name="user.country" value="ID"/>
    <property name="sun.boot.library.path" value="D:\Telkom Univ\Tingkat 2 (Sem 3-4)\Semester 4\OOP\bin"/>
    <property name="sun.java.command" value="C:\Users\zhafr\AppData\Local\Temp\surefire3812911005225004937\surefirebooter-20240529202713867_3.jar C:\Users\zhafr\AppData\Local\Temp\surefire3812911005225004937 2024-05-29T20-27-13_761-jvmRun1 surefire-20240529202713867_1tmp surefire_0-20240529202713867_2tmp"/>
    <property name="jdk.debug" value="release"/>
    <property name="surefire.test.class.path" value="D:\Telkom Univ\Tingkat 3 (Sem 5-6)\Semester 6\Management Konfig &amp; Evolusi PL\Tugas\Week 13 (2)\continuous_deployment-main\target\test-classes;D:\Telkom Univ\Tingkat 3 (Sem 5-6)\Semester 6\Management Konfig &amp; Evolusi PL\Tugas\Week 13 (2)\continuous_deployment-main\target\classes;C:\Users\zhafr\.m2\repository\junit\junit\4.11\junit-4.11.jar;C:\Users\zhafr\.m2\repository\org\hamcrest\hamcrest-core\1.3\hamcrest-core-1.3.jar;"/>
    <property name="sun.cpu.endian" value="little"/>
    <property name="user.home" value="C:\Users\zhafr"/>
    <property name="user.language" value="en"/>
    <property name="java.specification.vendor" value="Oracle Corporation"/>
    <property name="java.version.date" value="2023-07-18"/>
    <property name="java.home" value="D:\Telkom Univ\Tingkat 2 (Sem 3-4)\Semester 4\OOP"/>
    <property name="file.separator" value="\"/>
    <property name="basedir" value="D:\Telkom Univ\Tingkat 3 (Sem 5-6)\Semester 6\Management Konfig &amp; Evolusi PL\Tugas\Week 13 (2)\continuous_deployment-main"/>
    <property name="java.vm.compressedOopsMode" value="Zero based"/>
    <property name="line.separator" value="&#10;"/>
    <property name="java.vm.specification.vendor" value="Oracle Corporation"/>
    <property name="java.specification.name" value="Java Platform API Specification"/>
    <property name="surefire.real.class.path" value="C:\Users\zhafr\AppData\Local\Temp\surefire3812911005225004937\surefirebooter-20240529202713867_3.jar"/>
    <property name="user.script" value=""/>
    <property name="sun.management.compiler" value="HotSpot 64-Bit Tiered Compilers"/>
    <property name="java.runtime.version" value="17.0.8+9-LTS-211"/>
    <property name="user.name" value="zhafr"/>
    <property name="path.separator" value=";"/>
    <property name="os.version" value="10.0"/>
    <property name="java.runtime.name" value="Java(TM) SE Runtime Environment"/>
    <property name="file.encoding" value="Cp1252"/>
    <property name="java.vm.name" value="Java HotSpot(TM) 64-Bit Server VM"/>
    <property name="localRepository" value="C:\Users\zhafr\.m2\repository"/>
    <property name="java.vendor.url.bug" value="https://bugreport.java.com/bugreport/"/>
    <property name="java.io.tmpdir" value="C:\Users\zhafr\AppData\Local\Temp\"/>
    <property name="java.version" value="17.0.8"/>
    <property name="user.dir" value="D:\Telkom Univ\Tingkat 3 (Sem 5-6)\Semester 6\Management Konfig &amp; Evolusi PL\Tugas\Week 13 (2)\continuous_deployment-main"/>
    <property name="os.arch" value="amd64"/>
    <property name="java.vm.specification.name" value="Java Virtual Machine Specification"/>
    <property name="sun.os.patch.level" value=""/>
    <property name="native.encoding" value="Cp1252"/>
    <property name="java.library.path" value="D:\Telkom Univ\Tingkat 2 (Sem 3-4)\Semester 4\OOP\bin;C:\Windows\Sun\Java\bin;C:\Windows\system32;C:\Windows;C:\Program Files\Common Files\Oracle\Java\javapath;C:\Windows\system32;C:\Windows;C:\Windows\System32\Wbem;C:\Windows\System32\WindowsPowerShell\v1.0\;C:\Windows\System32\OpenSSH\;D:\Telkom Univ\jdk-17_windows-x64_bin\jdk-17.0.9\bin;D:\Telkom Univ\apache-maven-3.9.5-src\apache-maven-3.9.5\apache-maven\src\bin;C:\Program Files\Git\cmd;C:\php-8.3.0;C:\Program Files\NVIDIA Corporation\NVIDIA NvDLISR;C:\Program Files (x86)\NVIDIA Corporation\PhysX\Common;C:\ProgramData\ComposerSetup\bin;C:\Program Files\nodejs\;D:\Telkom Univ\Tingkat 3 (Sem 5-6)\Semester 5\Pengujian PL (Testing)\apache-maven-3.9.6-bin\apache-maven-3.9.6\bin;D:\Telkom Univ\jdk-17_windows-x64_bin\jdk-17.0.9\bin;D:\Telkom Univ\Tingkat 3 (Sem 5-6)\Semester 6\Mobile Programming\flutter\bin;C:\flutter\bin;C:\Users\zhafr\AppData\Local\Pub\Cache\bin;C:\Program Files\Cloudflare\Cloudflare WARP\;C:\Users\zhafr\AppData\Local\Programs\Python\Python310\Scripts\;C:\Users\zhafr\AppData\Local\Programs\Python\Python310\;C:\Users\zhafr\AppData\Local\Microsoft\WindowsApps;C:\Users\zhafr\AppData\Local\Programs\Microsoft VS Code\bin;C:\Users\zhafr\AppData\Roaming\Composer\vendor\bin;C:\Users\zhafr\AppData\Local\GitHubDesktop\bin;C:\Users\zhafr\AppData\Roaming\npm;C:\flutter\bin;;."/>
    <property name="java.vm.info" value="mixed mode, sharing"/>
    <property name="java.vendor" value="Oracle Corporation"/>
    <property name="java.vm.version" value="17.0.8+9-LTS-211"/>
    <property name="sun.io.unicode.encoding" value="UnicodeLittle"/>
    <property name="java.class.version" value="61.0"/>
  </properties>
  <testcase name="testReset" classname="src.test.java.CounterTest" time="0.002"/>
  <testcase name="testIncrement" classname="src.test.java.CounterTest" time="0.0"/>
  <testcase name="testDecrement" classname="src.test.java.CounterTest" time="0.0"/>
</testsuite>